<?xml version="1.0" encoding="UTF-8"?>
<!-- Generated by org.testng.reporters.JUnitXMLReporter -->
<testsuite ignored="0" hostname="anu" failures="1" tests="2" name="SevenRMartRegressionTesting" time="5.421" errors="0" timestamp="2024-03-10T21:42:27 IST">
  <testcase classname="com.sevenrmartsupermaket.tests.LoginTest" name="verifyErrorMessageWithInvalidCredentials" time="0.723">
    <failure type="java.lang.AssertionError" message="expected [Invalid Username/Password] but found [×
Alert!
Invalid Username/Password]">
      <![CDATA[java.lang.AssertionError: expected [Invalid Username/Password] but found [×
Alert!
Invalid Username/Password]
at com.sevenrmartsupermaket.tests.LoginTest.verifyErrorMessageWithInvalidCredentials(LoginTest.java:32)
at java.base/java.util.ArrayList.forEach(ArrayList.java:1511)
... Removed 33 stack frames]]>
    </failure>
  </testcase> <!-- verifyErrorMessageWithInvalidCredentials -->
  <testcase classname="com.sevenrmartsupermaket.tests.LoginTest" name="verifyLogin" time="0.483"/>
</testsuite> <!-- SevenRMartRegressionTesting -->
